<?xml version="1.0" encoding="UTF-8"?>
<testng-results skipped="0" failed="0" ignored="0" total="1" passed="1">
  <reporter-output>
  </reporter-output>
  <suite name="Default suite" duration-ms="13375" started-at="2018-05-12T07:33:10Z" finished-at="2018-05-12T07:33:23Z">
    <groups>
    </groups>
    <test name="Default test" duration-ms="13375" started-at="2018-05-12T07:33:10Z" finished-at="2018-05-12T07:33:23Z">
      <class name="testngpackage.ReadWriteExcel">
        <test-method status="PASS" signature="TestSetup()[pri:0, instance:testngpackage.ReadWriteExcel@1d057a39]" name="TestSetup" is-config="true" duration-ms="5177" started-at="2018-05-12T07:33:10Z" finished-at="2018-05-12T07:33:15Z">
          <reporter-output>
          </reporter-output>
        </test-method> <!-- TestSetup -->
        <test-method status="PASS" signature="ReadData()[pri:0, instance:testngpackage.ReadWriteExcel@1d057a39]" name="ReadData" duration-ms="8164" started-at="2018-05-12T07:33:15Z" finished-at="2018-05-12T07:33:23Z">
          <reporter-output>
          </reporter-output>
        </test-method> <!-- ReadData -->
      </class> <!-- testngpackage.ReadWriteExcel -->
    </test> <!-- Default test -->
  </suite> <!-- Default suite -->
</testng-results>
